<?xml version="1.0" encoding="UTF-8"?>
<!-- Generated by org.testng.reporters.JUnitXMLReporter -->
<testsuite ignored="0" hostname="SaiRani" failures="0" tests="1" name="Test" time="43.105" errors="0" timestamp="2022-10-15T17:44:55 IST">
  <testcase classname="testClasses.MyntraMenTest" name="@BeforeMethod prerequisite" time="42.725">
    <failure type="java.lang.NullPointerException">
      <![CDATA[java.lang.NullPointerException
at testClasses.MyntraMenTest.prerequisite(MyntraMenTest.java:20)
at java.base/java.util.ArrayList.forEach(ArrayList.java:1541)
... Removed 31 stack frames]]>
    </failure>
  </testcase> <!-- @BeforeMethod prerequisite -->
  <testcase classname="testClasses.MyntraMenTest" name="getMenClothList" time="0.0">
    <skipped/>
  </testcase> <!-- getMenClothList -->
</testsuite> <!-- Test -->
