<?xml version="1.0" encoding="UTF-8"?>
<testng-results ignored="0" total="1" passed="1" failed="0" skipped="0">
  <reporter-output>
  </reporter-output>
  <suite started-at="2022-10-16T10:09:17 IST" name="Default suite" finished-at="2022-10-16T10:10:17 IST" duration-ms="59946">
    <groups>
    </groups>
    <test started-at="2022-10-16T10:09:17 IST" name="Default test" finished-at="2022-10-16T10:10:17 IST" duration-ms="59946">
      <class name="testClasses.MyntraMenTest">
        <test-method is-config="true" signature="prerequisite()[pri:0, instance:testClasses.MyntraMenTest@25ce9dc4]" started-at="2022-10-16T10:09:17 IST" name="prerequisite" finished-at="2022-10-16T10:10:00 IST" duration-ms="43005" status="PASS">
          <reporter-output>
          </reporter-output>
        </test-method> <!-- prerequisite -->
        <test-method signature="getMenClothList()[pri:0, instance:testClasses.MyntraMenTest@25ce9dc4]" started-at="2022-10-16T10:10:00 IST" name="getMenClothList" finished-at="2022-10-16T10:10:14 IST" duration-ms="14165" status="PASS">
          <reporter-output>
          </reporter-output>
        </test-method> <!-- getMenClothList -->
        <test-method is-config="true" signature="closeBrowser()[pri:0, instance:testClasses.MyntraMenTest@25ce9dc4]" started-at="2022-10-16T10:10:14 IST" name="closeBrowser" finished-at="2022-10-16T10:10:17 IST" duration-ms="2575" status="PASS">
          <reporter-output>
          </reporter-output>
        </test-method> <!-- closeBrowser -->
      </class> <!-- testClasses.MyntraMenTest -->
    </test> <!-- Default test -->
  </suite> <!-- Default suite -->
</testng-results>
